#
# A fatal error has been detected by the Java Runtime Environment:
#
#  Internal Error (javaClasses.cpp:136), pid=9244, tid=13412
#  fatal error: Invalid layout of preloaded class
#
# JRE version:  (7.0_71-b14) (build )
# Java VM: Java HotSpot(TM) Client VM (24.71-b01 mixed mode windows-x86 )
# Failed to write core dump. Minidumps are not enabled by default on client versions of Windows
#
# If you would like to submit a bug report, please visit:
#   http://bugreport.sun.com/bugreport/crash.jsp
#

---------------  T H R E A D  ---------------

Current thread (0x024dd000):  JavaThread "Unknown thread" [_thread_in_vm, id=13412, stack(0x00190000,0x001e0000)]

Stack: [0x00190000,0x001e0000],  sp=0x001df518,  free space=317k
Native frames: (J=compiled Java code, j=interpreted, Vv=VM code, C=native code)
V  [jvm.dll+0x1911e4]
V  [jvm.dll+0x18ae66]
V  [jvm.dll+0x35f00]
V  [jvm.dll+0x35f86]
V  [jvm.dll+0x447ed]
V  [jvm.dll+0x44a9e]
V  [jvm.dll+0x9395a]
V  [jvm.dll+0x93d0b]
V  [jvm.dll+0x140831]
V  [jvm.dll+0x16341c]
V  [jvm.dll+0xca7bf]
C  [javaw.exe+0x13ce]
C  [javaw.exe+0x1e40]
C  [javaw.exe+0xa601]
C  [javaw.exe+0xa68b]
C  [kernel32.dll+0x1338a]
C  [ntdll.dll+0x39f72]
C  [ntdll.dll+0x39f45]


---------------  P R O C E S S  ---------------

Java Threads: ( => current thread )

Other Threads:

=>0x024dd000 (exited) JavaThread "Unknown thread" [_thread_in_vm, id=13412, stack(0x00190000,0x001e0000)]

VM state:not at safepoint (not fully initialized)

VM Mutex/Monitor currently owned by a thread: None

GC Heap History (0 events):
No events

Deoptimization events (0 events):
No events

Internal exceptions (0 events):
No events

Events (10 events):
Event: 0.032 loading class 0x002f35f0
Event: 0.033 loading class 0x002f35f0 done
Event: 0.033 loading class 0x002f3630
Event: 0.033 loading class 0x002f3ba0
Event: 0.033 loading class 0x002f3ba0 done
Event: 0.033 loading class 0x002f97b0
Event: 0.033 loading class 0x002f97b0 done
Event: 0.033 loading class 0x002f3630 done
Event: 0.033 loading class 0x002f3610
Event: 0.033 loading class 0x002f3610 done


Dynamic libraries:
0x00ae0000 - 0x00b0f000 	C:\Program Files (x86)\Java\jdk1.7.0_71\bin\javaw.exe
0x77350000 - 0x774d0000 	C:\Windows\SysWOW64\ntdll.dll
0x764e0000 - 0x765f0000 	C:\Windows\syswow64\kernel32.dll
0x76610000 - 0x76657000 	C:\Windows\syswow64\KERNELBASE.dll
0x76670000 - 0x76710000 	C:\Windows\syswow64\ADVAPI32.dll
0x76c50000 - 0x76cfc000 	C:\Windows\syswow64\msvcrt.dll
0x768f0000 - 0x76909000 	C:\Windows\SysWOW64\sechost.dll
0x74d40000 - 0x74e30000 	C:\Windows\syswow64\RPCRT4.dll
0x74ce0000 - 0x74d40000 	C:\Windows\syswow64\SspiCli.dll
0x74cd0000 - 0x74cdc000 	C:\Windows\syswow64\CRYPTBASE.dll
0x76d00000 - 0x76e00000 	C:\Windows\syswow64\USER32.dll
0x76910000 - 0x769a0000 	C:\Windows\syswow64\GDI32.dll
0x74e30000 - 0x74e3a000 	C:\Windows\syswow64\LPK.dll
0x767e0000 - 0x7687d000 	C:\Windows\syswow64\USP10.dll
0x71d50000 - 0x71eee000 	C:\Windows\WinSxS\x86_microsoft.windows.common-controls_6595b64144ccf1df_6.0.7601.17514_none_41e6975e2bd6f2b2\COMCTL32.dll
0x74ff0000 - 0x75047000 	C:\Windows\syswow64\SHLWAPI.dll
0x76880000 - 0x768e0000 	C:\Windows\system32\IMM32.DLL
0x75730000 - 0x757fc000 	C:\Windows\syswow64\MSCTF.dll
0x74a90000 - 0x74aba000 	C:\Windows\SysWOW64\nvinit.dll
0x0f000000 - 0x0f006000 	C:\Program Files (x86)\NVIDIA Corporation\CoProcManager\_etoured.dll
0x74940000 - 0x74993000 	C:\Program Files (x86)\NVIDIA Corporation\CoProcManager\nvd3d9wrap.dll
0x76ab0000 - 0x76c4d000 	C:\Windows\syswow64\SETUPAPI.dll
0x74fb0000 - 0x74fd7000 	C:\Windows\syswow64\CFGMGR32.dll
0x76750000 - 0x767df000 	C:\Windows\syswow64\OLEAUT32.dll
0x750e0000 - 0x7523c000 	C:\Windows\syswow64\ole32.dll
0x76a90000 - 0x76aa2000 	C:\Windows\syswow64\DEVOBJ.dll
0x749e0000 - 0x74a1b000 	C:\Program Files (x86)\NVIDIA Corporation\CoProcManager\nvdxgiwrap.dll
0x636f0000 - 0x637af000 	C:\Program Files (x86)\Java\jdk1.7.0_71\jre\bin\msvcr100.dll
0x5b6f0000 - 0x5ba79000 	C:\Program Files (x86)\Java\jdk1.7.0_71\jre\bin\client\jvm.dll
0x6f100000 - 0x6f107000 	C:\Windows\system32\WSOCK32.dll
0x76710000 - 0x76745000 	C:\Windows\syswow64\WS2_32.dll
0x76a80000 - 0x76a86000 	C:\Windows\syswow64\NSI.dll
0x71d10000 - 0x71d42000 	C:\Windows\system32\WINMM.dll
0x77320000 - 0x77325000 	C:\Windows\syswow64\PSAPI.DLL
0x72760000 - 0x7276c000 	C:\Program Files (x86)\Java\jdk1.7.0_71\jre\bin\verify.dll
0x72390000 - 0x723b0000 	C:\Program Files (x86)\Java\jdk1.7.0_71\jre\bin\java.dll
0x723b0000 - 0x723c3000 	C:\Program Files (x86)\Java\jdk1.7.0_71\jre\bin\zip.dll
0x70060000 - 0x7014b000 	C:\Windows\system32\dbghelp.dll

VM Arguments:
jvm_args: -Dfile.encoding=Cp1252 -Xbootclasspath:C:\Program Files (x86)\leJOS NXJ\lib\nxt\classes.jar 
java_command: org.eclipse.jdt.internal.junit.runner.RemoteTestRunner -version 3 -port 62250 -testLoaderClass org.eclipse.jdt.internal.junit4.runner.JUnit4TestLoader -loaderpluginname org.eclipse.jdt.junit4.runtime -classNames test.model.detectors.ContactDetectorTest
Launcher Type: SUN_STANDARD

Environment Variables:
PATH=C:/Program Files/Java/jdk1.7.0_40/bin/../jre/bin/server;C:/Program Files/Java/jdk1.7.0_40/bin/../jre/bin;C:/Program Files/Java/jdk1.7.0_40/bin/../jre/lib/amd64;C:\Program Files\Common Files\Microsoft Shared\Windows Live;C:\Program Files (x86)\Common Files\Microsoft Shared\Windows Live;C:\Program Files\Java\jdk1.7.0_40\bin;C:\Program Files (x86)\Intel\iCLS Client\;C:\Program Files\Intel\iCLS Client\;C:\Windows\system32;C:\Windows;C:\Windows\System32\Wbem;C:\Windows\System32\WindowsPowerShell\v1.0\;C:\Program Files\Intel\WiFi\bin\;C:\Program Files\Common Files\Intel\WirelessCommon\;C:\Program Files\Intel\Intel(R) Management Engine Components\DAL;C:\Program Files\Intel\Intel(R) Management Engine Components\IPT;C:\Program Files (x86)\Intel\Intel(R) Management Engine Components\DAL;C:\Program Files (x86)\Intel\Intel(R) Management Engine Components\IPT;C:\Program Files (x86)\Intel\OpenCL SDK\2.0\bin\x86;C:\Program Files (x86)\Intel\OpenCL SDK\2.0\bin\x64;C:\Program Files\ThinkPad\Bluetooth Software\;C:\Program Files\ThinkPad\Bluetooth Software\syswow64;C:\Program Files (x86)\Intel\OpenCL SDK\2.0\bin\x86;C:\Program Files (x86)\Intel\OpenCL SDK\2.0\bin\x64;C:\Program Files\Microsoft SQL Server\110\Tools\Binn\;c:\Program Files (x86)\Microsoft SQL Server\110\Tools\Binn\;c:\Program Files\Microsoft SQL Server\110\DTS\Binn\;c:\Program Files (x86)\Microsoft SQL Server\110\Tools\Binn\ManagementStudio\;c:\Program Files (x86)\Microsoft Visual Studio 10.0\Common7\IDE\PrivateAssemblies\;c:\Program Files (x86)\Microsoft SQL Server\110\DTS\Binn\;C:\Program Files\Microsoft SQL Server\120\Tools\Binn\;C:\Program Files\Microsoft\Web Platform Installer\;C:\Program Files (x86)\Microsoft ASP.NET\ASP.NET Web Pages\v1.0\;C:\Program Files (x86)\Windows Kits\8.0\Windows Performance Toolkit\;C:\Program Files (x86)\Windows Live\Shared;C:\Windows\Microsoft.NET\Framework\v4.0.30319;C:\VXIPNP\WinNT\Bin;C:\Program Files (x86)\leJOS NXJ\bin;C:\eclipse;
USERNAME=David Borland
OS=Windows_NT
PROCESSOR_IDENTIFIER=Intel64 Family 6 Model 58 Stepping 9, GenuineIntel



---------------  S Y S T E M  ---------------

OS: Windows 7 , 64 bit Build 7601 Service Pack 1

CPU:total 8 (4 cores per cpu, 2 threads per core) family 6 model 58 stepping 9, cmov, cx8, fxsr, mmx, sse, sse2, sse3, ssse3, sse4.1, sse4.2, popcnt, avx, aes, erms, ht, tsc, tscinvbit, tscinv

Memory: 4k page, physical 7945004k(4415472k free), swap 15888144k(11054460k free)

vm_info: Java HotSpot(TM) Client VM (24.71-b01) for windows-x86 JRE (1.7.0_71-b14), built on Sep 26 2014 16:30:49 by "java_re" with unknown MS VC++:1600

time: Mon Nov 17 18:00:45 2014
elapsed time: 0 seconds

